2022-09-17 18:14:48,836 INFO org.springframework.boot.StartupInfoLogger [main] Starting CardServiceApplication using Java 16 on Kissenlalls-MacBook-Pro.local with PID 70639 (/Users/kissen/sandbox/deck-of-cards-game/card-service/target/classes started by kissen in /Users/kissen/sandbox/deck-of-cards-game)
2022-09-17 18:14:48,838 DEBUG org.springframework.boot.StartupInfoLogger [main] Running with Spring Boot v2.6.3, Spring v5.3.15
2022-09-17 18:14:48,838 INFO org.springframework.boot.SpringApplication [main] No active profile set, falling back to default profiles: default
2022-09-17 18:14:49,339 INFO org.springframework.boot.web.embedded.tomcat.TomcatWebServer [main] Tomcat initialized with port(s): 8080 (http)
2022-09-17 18:14:49,344 INFO org.apache.juli.logging.DirectJDKLog [main] Initializing ProtocolHandler ["http-nio-8080"]
2022-09-17 18:14:49,345 INFO org.apache.juli.logging.DirectJDKLog [main] Starting service [Tomcat]
2022-09-17 18:14:49,345 INFO org.apache.juli.logging.DirectJDKLog [main] Starting Servlet engine: [Apache Tomcat/9.0.56]
2022-09-17 18:14:49,382 INFO org.apache.juli.logging.DirectJDKLog [main] Initializing Spring embedded WebApplicationContext
2022-09-17 18:14:49,383 INFO org.springframework.boot.web.servlet.context.ServletWebServerApplicationContext [main] Root WebApplicationContext: initialization completed in 517 ms
2022-09-17 18:14:49,571 INFO org.apache.juli.logging.DirectJDKLog [main] Starting ProtocolHandler ["http-nio-8080"]
2022-09-17 18:14:49,582 INFO org.springframework.boot.web.embedded.tomcat.TomcatWebServer [main] Tomcat started on port(s): 8080 (http) with context path '/card-service'
2022-09-17 18:14:49,590 INFO org.springframework.boot.StartupInfoLogger [main] Started CardServiceApplication in 0.946 seconds (JVM running for 1.572)
2022-09-17 18:14:56,460 INFO org.springframework.boot.StartupInfoLogger [main] Starting CardServiceApplication using Java 16 on Kissenlalls-MacBook-Pro.local with PID 70645 (/Users/kissen/sandbox/deck-of-cards-game/card-service/target/classes started by kissen in /Users/kissen/sandbox/deck-of-cards-game)
2022-09-17 18:14:56,462 DEBUG org.springframework.boot.StartupInfoLogger [main] Running with Spring Boot v2.6.3, Spring v5.3.15
2022-09-17 18:14:56,463 INFO org.springframework.boot.SpringApplication [main] No active profile set, falling back to default profiles: default
2022-09-17 18:14:56,996 INFO org.springframework.boot.web.embedded.tomcat.TomcatWebServer [main] Tomcat initialized with port(s): 8080 (http)
2022-09-17 18:14:57,002 INFO org.apache.juli.logging.DirectJDKLog [main] Initializing ProtocolHandler ["http-nio-8080"]
2022-09-17 18:14:57,003 INFO org.apache.juli.logging.DirectJDKLog [main] Starting service [Tomcat]
2022-09-17 18:14:57,003 INFO org.apache.juli.logging.DirectJDKLog [main] Starting Servlet engine: [Apache Tomcat/9.0.56]
2022-09-17 18:14:57,046 INFO org.apache.juli.logging.DirectJDKLog [main] Initializing Spring embedded WebApplicationContext
2022-09-17 18:14:57,046 INFO org.springframework.boot.web.servlet.context.ServletWebServerApplicationContext [main] Root WebApplicationContext: initialization completed in 548 ms
2022-09-17 18:14:57,260 INFO org.apache.juli.logging.DirectJDKLog [main] Starting ProtocolHandler ["http-nio-8080"]
2022-09-17 18:14:57,279 INFO org.springframework.boot.web.embedded.tomcat.TomcatWebServer [main] Tomcat started on port(s): 8080 (http) with context path '/card-service'
2022-09-17 18:14:57,287 INFO org.springframework.boot.StartupInfoLogger [main] Started CardServiceApplication in 1.051 seconds (JVM running for 1.548)
2022-09-17 18:14:59,345 INFO org.apache.juli.logging.DirectJDKLog [http-nio-8080-exec-1] Initializing Spring DispatcherServlet 'dispatcherServlet'
2022-09-17 18:14:59,345 INFO org.springframework.web.servlet.FrameworkServlet [http-nio-8080-exec-1] Initializing Servlet 'dispatcherServlet'
2022-09-17 18:14:59,346 INFO org.springframework.web.servlet.FrameworkServlet [http-nio-8080-exec-1] Completed initialization in 1 ms
2022-09-17 18:14:59,361 DEBUG com.homework.game.card.model.DeckBuilder [http-nio-8080-exec-1] Creating deck with : [[Card(rank=ACE, suit=HEART), Card(rank=ACE, suit=SPADE), Card(rank=ACE, suit=CLUB), Card(rank=ACE, suit=DIAMOND), Card(rank=TWO, suit=HEART), Card(rank=TWO, suit=SPADE), Card(rank=TWO, suit=CLUB), Card(rank=TWO, suit=DIAMOND), Card(rank=THREE, suit=HEART), Card(rank=THREE, suit=SPADE), Card(rank=THREE, suit=CLUB), Card(rank=THREE, suit=DIAMOND), Card(rank=FOUR, suit=HEART), Card(rank=FOUR, suit=SPADE), Card(rank=FOUR, suit=CLUB), Card(rank=FOUR, suit=DIAMOND), Card(rank=FIVE, suit=HEART), Card(rank=FIVE, suit=SPADE), Card(rank=FIVE, suit=CLUB), Card(rank=FIVE, suit=DIAMOND), Card(rank=SIX, suit=HEART), Card(rank=SIX, suit=SPADE), Card(rank=SIX, suit=CLUB), Card(rank=SIX, suit=DIAMOND), Card(rank=SEVEN, suit=HEART), Card(rank=SEVEN, suit=SPADE), Card(rank=SEVEN, suit=CLUB), Card(rank=SEVEN, suit=DIAMOND), Card(rank=EIGHT, suit=HEART), Card(rank=EIGHT, suit=SPADE), Card(rank=EIGHT, suit=CLUB), Card(rank=EIGHT, suit=DIAMOND), Card(rank=NINE, suit=HEART), Card(rank=NINE, suit=SPADE), Card(rank=NINE, suit=CLUB), Card(rank=NINE, suit=DIAMOND), Card(rank=TEN, suit=HEART), Card(rank=TEN, suit=SPADE), Card(rank=TEN, suit=CLUB), Card(rank=TEN, suit=DIAMOND), Card(rank=JACK, suit=HEART), Card(rank=JACK, suit=SPADE), Card(rank=JACK, suit=CLUB), Card(rank=JACK, suit=DIAMOND), Card(rank=QUEEN, suit=HEART), Card(rank=QUEEN, suit=SPADE), Card(rank=QUEEN, suit=CLUB), Card(rank=QUEEN, suit=DIAMOND), Card(rank=KING, suit=HEART), Card(rank=KING, suit=SPADE), Card(rank=KING, suit=CLUB), Card(rank=KING, suit=DIAMOND)]]
2022-09-17 18:16:06,076 DEBUG com.homework.game.card.model.DeckBuilder [http-nio-8080-exec-3] Creating deck with : [[Card(rank=ACE, suit=HEART), Card(rank=ACE, suit=SPADE), Card(rank=ACE, suit=CLUB), Card(rank=ACE, suit=DIAMOND), Card(rank=TWO, suit=HEART), Card(rank=TWO, suit=SPADE), Card(rank=TWO, suit=CLUB), Card(rank=TWO, suit=DIAMOND), Card(rank=THREE, suit=HEART), Card(rank=THREE, suit=SPADE), Card(rank=THREE, suit=CLUB), Card(rank=THREE, suit=DIAMOND), Card(rank=FOUR, suit=HEART), Card(rank=FOUR, suit=SPADE), Card(rank=FOUR, suit=CLUB), Card(rank=FOUR, suit=DIAMOND), Card(rank=FIVE, suit=HEART), Card(rank=FIVE, suit=SPADE), Card(rank=FIVE, suit=CLUB), Card(rank=FIVE, suit=DIAMOND), Card(rank=SIX, suit=HEART), Card(rank=SIX, suit=SPADE), Card(rank=SIX, suit=CLUB), Card(rank=SIX, suit=DIAMOND), Card(rank=SEVEN, suit=HEART), Card(rank=SEVEN, suit=SPADE), Card(rank=SEVEN, suit=CLUB), Card(rank=SEVEN, suit=DIAMOND), Card(rank=EIGHT, suit=HEART), Card(rank=EIGHT, suit=SPADE), Card(rank=EIGHT, suit=CLUB), Card(rank=EIGHT, suit=DIAMOND), Card(rank=NINE, suit=HEART), Card(rank=NINE, suit=SPADE), Card(rank=NINE, suit=CLUB), Card(rank=NINE, suit=DIAMOND), Card(rank=TEN, suit=HEART), Card(rank=TEN, suit=SPADE), Card(rank=TEN, suit=CLUB), Card(rank=TEN, suit=DIAMOND), Card(rank=JACK, suit=HEART), Card(rank=JACK, suit=SPADE), Card(rank=JACK, suit=CLUB), Card(rank=JACK, suit=DIAMOND), Card(rank=QUEEN, suit=HEART), Card(rank=QUEEN, suit=SPADE), Card(rank=QUEEN, suit=CLUB), Card(rank=QUEEN, suit=DIAMOND), Card(rank=KING, suit=HEART), Card(rank=KING, suit=SPADE), Card(rank=KING, suit=CLUB), Card(rank=KING, suit=DIAMOND)]]
2022-09-17 18:22:26,751 INFO org.springframework.boot.StartupInfoLogger [main] Starting CardServiceApplication using Java 16 on Kissenlalls-MacBook-Pro.local with PID 70692 (/Users/kissen/sandbox/deck-of-cards-game/card-service/target/classes started by kissen in /Users/kissen/sandbox/deck-of-cards-game)
2022-09-17 18:22:26,753 DEBUG org.springframework.boot.StartupInfoLogger [main] Running with Spring Boot v2.6.3, Spring v5.3.15
2022-09-17 18:22:26,753 INFO org.springframework.boot.SpringApplication [main] No active profile set, falling back to default profiles: default
2022-09-17 18:22:27,250 INFO org.springframework.boot.web.embedded.tomcat.TomcatWebServer [main] Tomcat initialized with port(s): 8080 (http)
2022-09-17 18:22:27,256 INFO org.apache.juli.logging.DirectJDKLog [main] Initializing ProtocolHandler ["http-nio-8080"]
2022-09-17 18:22:27,256 INFO org.apache.juli.logging.DirectJDKLog [main] Starting service [Tomcat]
2022-09-17 18:22:27,257 INFO org.apache.juli.logging.DirectJDKLog [main] Starting Servlet engine: [Apache Tomcat/9.0.56]
2022-09-17 18:22:27,293 INFO org.apache.juli.logging.DirectJDKLog [main] Initializing Spring embedded WebApplicationContext
2022-09-17 18:22:27,293 INFO org.springframework.boot.web.servlet.context.ServletWebServerApplicationContext [main] Root WebApplicationContext: initialization completed in 512 ms
2022-09-17 18:22:27,486 INFO org.apache.juli.logging.DirectJDKLog [main] Starting ProtocolHandler ["http-nio-8080"]
2022-09-17 18:22:27,496 INFO org.springframework.boot.web.embedded.tomcat.TomcatWebServer [main] Tomcat started on port(s): 8080 (http) with context path '/card-service'
2022-09-17 18:22:27,506 INFO org.springframework.boot.StartupInfoLogger [main] Started CardServiceApplication in 0.949 seconds (JVM running for 1.549)
2022-09-17 18:22:30,423 INFO org.apache.juli.logging.DirectJDKLog [http-nio-8080-exec-1] Initializing Spring DispatcherServlet 'dispatcherServlet'
2022-09-17 18:22:30,424 INFO org.springframework.web.servlet.FrameworkServlet [http-nio-8080-exec-1] Initializing Servlet 'dispatcherServlet'
2022-09-17 18:22:30,424 INFO org.springframework.web.servlet.FrameworkServlet [http-nio-8080-exec-1] Completed initialization in 0 ms
2022-09-17 18:22:30,440 DEBUG com.homework.game.card.model.DeckBuilder [http-nio-8080-exec-1] Creating deck with : [[Card(rank=ACE, suit=HEART), Card(rank=ACE, suit=SPADE), Card(rank=ACE, suit=CLUB), Card(rank=ACE, suit=DIAMOND), Card(rank=TWO, suit=HEART), Card(rank=TWO, suit=SPADE), Card(rank=TWO, suit=CLUB), Card(rank=TWO, suit=DIAMOND), Card(rank=THREE, suit=HEART), Card(rank=THREE, suit=SPADE), Card(rank=THREE, suit=CLUB), Card(rank=THREE, suit=DIAMOND), Card(rank=FOUR, suit=HEART), Card(rank=FOUR, suit=SPADE), Card(rank=FOUR, suit=CLUB), Card(rank=FOUR, suit=DIAMOND), Card(rank=FIVE, suit=HEART), Card(rank=FIVE, suit=SPADE), Card(rank=FIVE, suit=CLUB), Card(rank=FIVE, suit=DIAMOND), Card(rank=SIX, suit=HEART), Card(rank=SIX, suit=SPADE), Card(rank=SIX, suit=CLUB), Card(rank=SIX, suit=DIAMOND), Card(rank=SEVEN, suit=HEART), Card(rank=SEVEN, suit=SPADE), Card(rank=SEVEN, suit=CLUB), Card(rank=SEVEN, suit=DIAMOND), Card(rank=EIGHT, suit=HEART), Card(rank=EIGHT, suit=SPADE), Card(rank=EIGHT, suit=CLUB), Card(rank=EIGHT, suit=DIAMOND), Card(rank=NINE, suit=HEART), Card(rank=NINE, suit=SPADE), Card(rank=NINE, suit=CLUB), Card(rank=NINE, suit=DIAMOND), Card(rank=TEN, suit=HEART), Card(rank=TEN, suit=SPADE), Card(rank=TEN, suit=CLUB), Card(rank=TEN, suit=DIAMOND), Card(rank=JACK, suit=HEART), Card(rank=JACK, suit=SPADE), Card(rank=JACK, suit=CLUB), Card(rank=JACK, suit=DIAMOND), Card(rank=QUEEN, suit=HEART), Card(rank=QUEEN, suit=SPADE), Card(rank=QUEEN, suit=CLUB), Card(rank=QUEEN, suit=DIAMOND), Card(rank=KING, suit=HEART), Card(rank=KING, suit=SPADE), Card(rank=KING, suit=CLUB), Card(rank=KING, suit=DIAMOND)]]
2022-09-17 18:22:32,860 DEBUG com.homework.game.card.model.DeckBuilder [http-nio-8080-exec-2] Creating deck with : [[Card(rank=ACE, suit=HEART), Card(rank=ACE, suit=SPADE), Card(rank=ACE, suit=CLUB), Card(rank=ACE, suit=DIAMOND), Card(rank=TWO, suit=HEART), Card(rank=TWO, suit=SPADE), Card(rank=TWO, suit=CLUB), Card(rank=TWO, suit=DIAMOND), Card(rank=THREE, suit=HEART), Card(rank=THREE, suit=SPADE), Card(rank=THREE, suit=CLUB), Card(rank=THREE, suit=DIAMOND), Card(rank=FOUR, suit=HEART), Card(rank=FOUR, suit=SPADE), Card(rank=FOUR, suit=CLUB), Card(rank=FOUR, suit=DIAMOND), Card(rank=FIVE, suit=HEART), Card(rank=FIVE, suit=SPADE), Card(rank=FIVE, suit=CLUB), Card(rank=FIVE, suit=DIAMOND), Card(rank=SIX, suit=HEART), Card(rank=SIX, suit=SPADE), Card(rank=SIX, suit=CLUB), Card(rank=SIX, suit=DIAMOND), Card(rank=SEVEN, suit=HEART), Card(rank=SEVEN, suit=SPADE), Card(rank=SEVEN, suit=CLUB), Card(rank=SEVEN, suit=DIAMOND), Card(rank=EIGHT, suit=HEART), Card(rank=EIGHT, suit=SPADE), Card(rank=EIGHT, suit=CLUB), Card(rank=EIGHT, suit=DIAMOND), Card(rank=NINE, suit=HEART), Card(rank=NINE, suit=SPADE), Card(rank=NINE, suit=CLUB), Card(rank=NINE, suit=DIAMOND), Card(rank=TEN, suit=HEART), Card(rank=TEN, suit=SPADE), Card(rank=TEN, suit=CLUB), Card(rank=TEN, suit=DIAMOND), Card(rank=JACK, suit=HEART), Card(rank=JACK, suit=SPADE), Card(rank=JACK, suit=CLUB), Card(rank=JACK, suit=DIAMOND), Card(rank=QUEEN, suit=HEART), Card(rank=QUEEN, suit=SPADE), Card(rank=QUEEN, suit=CLUB), Card(rank=QUEEN, suit=DIAMOND), Card(rank=KING, suit=HEART), Card(rank=KING, suit=SPADE), Card(rank=KING, suit=CLUB), Card(rank=KING, suit=DIAMOND)]]
